<?xml version="1.0" encoding="UTF-8"?>
<!-- Generated by org.testng.reporters.JUnitReportReporter -->
<testsuite skipped="0" hostname="ISD-PF0ZJWWQ" name="oxfordDirTest.VerifyInValidInput" tests="1" failures="0" timestamp="20 Nov 2018 22:05:36 GMT" time="36.258" errors="0">
  <testcase name="Test_Input" time="36.258" classname="oxfordDirTest.VerifyInValidInput"/>
</testsuite> <!-- oxfordDirTest.VerifyInValidInput -->
