<?xml version="1.0" encoding="UTF-8"?>
<!-- Generated by org.testng.reporters.JUnitReportReporter -->
<testsuite skipped="0" hostname="ISD-PF0ZJWWQ" name="oxfordDirTest.VerifyValidInputTest" tests="1" failures="0" timestamp="14 Nov 2018 16:01:30 GMT" time="13.984" errors="0">
  <testcase name="VerifyLogin" time="13.984" classname="oxfordDirTest.VerifyValidInputTest"/>
</testsuite> <!-- oxfordDirTest.VerifyValidInputTest -->
