<?xml version="1.0" encoding="UTF-8"?>
<!-- Generated by org.testng.reporters.JUnitReportReporter -->
<testsuite skipped="0" hostname="ISD-PF0ZJWWQ" name="oxfordDirTest.VerifyValidInput" tests="1" failures="0" timestamp="15 Nov 2018 12:19:27 GMT" time="30.053" errors="0">
  <testcase name="Test_Input" time="30.053" classname="oxfordDirTest.VerifyValidInput"/>
</testsuite> <!-- oxfordDirTest.VerifyValidInput -->
